우리지금만나/app/build/outputs/logs/manifest-merger-release-report.txt
-- Merging decision tree log ---
manifest
ADDED from src\main\AndroidManifest.xml:2:1-38:12
INJECTED from src\main\AndroidManifest.xml:2:1-38:12
INJECTED from src\main\AndroidManifest.xml:2:1-38:12
INJECTED from src\main\AndroidManifest.xml:2:1-38:12
MERGED from [com.google.android.material:material:1.1.0-alpha09] AndroidManifest.xml:17:1-24:12
MERGED from [androidx.appcompat:appcompat:1.1.0-rc01] AndroidManifest.xml:17:1-24:12
MERGED from [androidx.constraintlayout:constraintlayout:1.1.2] AndroidManifest.xml:2:1-11:12
MERGED from [com.google.android.gms:play-services-maps:17.0.0] AndroidManifest.xml:17:1-38:12
MERGED from [com.google.android.gms:play-services-location:17.0.0] AndroidManifest.xml:2:1-9:12
MERGED from [com.google.firebase:firebase-database:18.0.0] AndroidManifest.xml:15:1-36:12
MERGED from [com.google.firebase:firebase-auth:18.0.0] AndroidManifest.xml:17:1-42:12
MERGED from [com.google.android.gms:play-services-auth:17.0.0] AndroidManifest.xml:17:1-39:12
MERGED from [com.google.firebase:firebase-auth-interop:18.0.0] AndroidManifest.xml:2:1-10:12
MERGED from [com.google.firebase:firebase-common:18.0.0] AndroidManifest.xml:2:1-19:12
MERGED from [androidx.cardview:cardview:1.0.0] AndroidManifest.xml:17:1-22:12
MERGED from [androidx.coordinatorlayout:coordinatorlayout:1.1.0-beta01] AndroidManifest.xml:17:1-24:12
MERGED from [androidx.transition:transition:1.0.1] AndroidManifest.xml:17:1-22:12
MERGED from [androidx.viewpager2:viewpager2:1.0.0-beta02] AndroidManifest.xml:17:1-24:12
MERGED from [androidx.localbroadcastmanager:localbroadcastmanager:1.0.0] AndroidManifest.xml:17:1-22:12
MERGED from [com.google.android.gms:play-services-flags:17.0.0] AndroidManifest.xml:17:1-22:12
MERGED from [com.google.android.gms:play-services-auth-api-phone:17.0.0] AndroidManifest.xml:2:1-7:12
MERGED from [com.google.android.gms:play-services-auth-base:17.0.0] AndroidManifest.xml:2:1-7:12
MERGED from [com.google.android.gms:play-services-base:17.0.0] AndroidManifest.xml:17:1-29:12
MERGED from [com.google.android.gms:play-services-places-placereport:17.0.0] AndroidManifest.xml:17:1-24:12
MERGED from [com.google.android.gms:play-services-tasks:17.0.0] AndroidManifest.xml:2:1-9:12
MERGED from [com.google.android.gms:play-services-basement:17.0.0] AndroidManifest.xml:17:1-28:12
MERGED from [androidx.fragment:fragment:1.1.0-rc01] AndroidManifest.xml:17:1-24:12
MERGED from [androidx.loader:loader:1.0.0] AndroidManifest.xml:17:1-22:12
MERGED from [androidx.viewpager:viewpager:1.0.0] AndroidManifest.xml:17:1-22:12
MERGED from [androidx.drawerlayout:drawerlayout:1.0.0] AndroidManifest.xml:17:1-22:12
MERGED from [androidx.recyclerview:recyclerview:1.1.0-beta01] AndroidManifest.xml:17:1-24:12
MERGED from [androidx.customview:customview:1.0.0] AndroidManifest.xml:17:1-22:12
MERGED from [androidx.lifecycle:lifecycle-livedata:2.0.0] AndroidManifest.xml:17:1-22:12
MERGED from [androidx.lifecycle:lifecycle-livedata-core:2.0.0] AndroidManifest.xml:17:1-22:12
MERGED from [androidx.arch.core:core-runtime:2.0.0] AndroidManifest.xml:17:1-22:12
MERGED from [androidx.activity:activity:1.0.0-rc01] AndroidManifest.xml:17:1-24:12
MERGED from [androidx.savedstate:savedstate:1.0.0-rc01] AndroidManifest.xml:17:1-24:12
MERGED from [androidx.appcompat:appcompat-resources:1.1.0-rc01] AndroidManifest.xml:17:1-24:12
MERGED from [androidx.vectordrawable:vectordrawable-animated:1.1.0-rc01] AndroidManifest.xml:17:1-24:12
MERGED from [androidx.vectordrawable:vectordrawable:1.1.0-rc01] AndroidManifest.xml:17:1-24:12
MERGED from [androidx.core:core:1.1.0-rc02] AndroidManifest.xml:17:1-26:12
MERGED from [androidx.versionedparcelable:versionedparcelable:1.1.0-rc01] AndroidManifest.xml:17:1-27:12
MERGED from [androidx.lifecycle:lifecycle-runtime:2.1.0-rc01] AndroidManifest.xml:17:1-22:12
MERGED from [androidx.lifecycle:lifecycle-viewmodel:2.1.0-rc01] AndroidManifest.xml:17:1-22:12
MERGED from [androidx.cursoradapter:cursoradapter:1.0.0] AndroidManifest.xml:17:1-22:12
MERGED from [androidx.interpolator:interpolator:1.0.0] AndroidManifest.xml:17:1-22:12
MERGED from [com.google.firebase:firebase-database-collection:17.0.0] AndroidManifest.xml:2:1-7:12
INJECTED from src\main\AndroidManifest.xml:2:1-38:12
INJECTED from src\main\AndroidManifest.xml:2:1-38:12
INJECTED from src\main\AndroidManifest.xml:2:1-38:12
	package
		ADDED from src\main\AndroidManifest.xml:3:5-38
		INJECTED from src\main\AndroidManifest.xml
		INJECTED from src\main\AndroidManifest.xml
	android:versionName
		INJECTED from src\main\AndroidManifest.xml
		ADDED from src\main\AndroidManifest.xml:2:1-38:12
		INJECTED from src\main\AndroidManifest.xml
	android:versionCode
		INJECTED from src\main\AndroidManifest.xml
		ADDED from src\main\AndroidManifest.xml:2:1-38:12
		INJECTED from src\main\AndroidManifest.xml
	xmlns:android
		ADDED from src\main\AndroidManifest.xml:2:11-69
application
ADDED from src\main\AndroidManifest.xml:5:5-33:19
MERGED from [com.google.android.material:material:1.1.0-alpha09] AndroidManifest.xml:22:5-20
MERGED from [com.google.android.material:material:1.1.0-alpha09] AndroidManifest.xml:22:5-20
MERGED from [androidx.constraintlayout:constraintlayout:1.1.2] AndroidManifest.xml:9:5-20
MERGED from [androidx.constraintlayout:constraintlayout:1.1.2] AndroidManifest.xml:9:5-20
MERGED from [com.google.android.gms:play-services-maps:17.0.0] AndroidManifest.xml:30:5-36:19
MERGED from [com.google.android.gms:play-services-maps:17.0.0] AndroidManifest.xml:30:5-36:19
MERGED from [com.google.android.gms:play-services-location:17.0.0] AndroidManifest.xml:7:5-20
MERGED from [com.google.android.gms:play-services-location:17.0.0] AndroidManifest.xml:7:5-20
MERGED from [com.google.firebase:firebase-database:18.0.0] AndroidManifest.xml:28:5-34:19
MERGED from [com.google.firebase:firebase-database:18.0.0] AndroidManifest.xml:28:5-34:19
MERGED from [com.google.firebase:firebase-auth:18.0.0] AndroidManifest.xml:23:5-40:19
MERGED from [com.google.firebase:firebase-auth:18.0.0] AndroidManifest.xml:23:5-40:19
MERGED from [com.google.android.gms:play-services-auth:17.0.0] AndroidManifest.xml:22:5-37:19
MERGED from [com.google.android.gms:play-services-auth:17.0.0] AndroidManifest.xml:22:5-37:19
MERGED from [com.google.firebase:firebase-auth-interop:18.0.0] AndroidManifest.xml:7:5-8:19
MERGED from [com.google.firebase:firebase-auth-interop:18.0.0] AndroidManifest.xml:7:5-8:19
MERGED from [com.google.firebase:firebase-common:18.0.0] AndroidManifest.xml:11:5-17:19
MERGED from [com.google.firebase:firebase-common:18.0.0] AndroidManifest.xml:11:5-17:19
MERGED from [com.google.android.gms:play-services-base:17.0.0] AndroidManifest.xml:22:5-27:19
MERGED from [com.google.android.gms:play-services-base:17.0.0] AndroidManifest.xml:22:5-27:19
MERGED from [com.google.android.gms:play-services-places-placereport:17.0.0] AndroidManifest.xml:22:5-20
MERGED from [com.google.android.gms:play-services-places-placereport:17.0.0] AndroidManifest.xml:22:5-20
MERGED from [com.google.android.gms:play-services-tasks:17.0.0] AndroidManifest.xml:7:5-20
MERGED from [com.google.android.gms:play-services-tasks:17.0.0] AndroidManifest.xml:7:5-20
MERGED from [com.google.android.gms:play-services-basement:17.0.0] AndroidManifest.xml:22:5-26:19
MERGED from [com.google.android.gms:play-services-basement:17.0.0] AndroidManifest.xml:22:5-26:19
MERGED from [androidx.core:core:1.1.0-rc02] AndroidManifest.xml:24:5-89
MERGED from [androidx.core:core:1.1.0-rc02] AndroidManifest.xml:24:5-89
MERGED from [androidx.versionedparcelable:versionedparcelable:1.1.0-rc01] AndroidManifest.xml:24:5-25:19
MERGED from [androidx.versionedparcelable:versionedparcelable:1.1.0-rc01] AndroidManifest.xml:24:5-25:19
	android:appComponentFactory
		ADDED from [androidx.core:core:1.1.0-rc02] AndroidManifest.xml:24:18-86
	android:supportsRtl
		ADDED from src\main\AndroidManifest.xml:10:9-35
	android:label
		ADDED from src\main\AndroidManifest.xml:8:9-41
	android:roundIcon
		ADDED from src\main\AndroidManifest.xml:9:9-54
	android:icon
		ADDED from src\main\AndroidManifest.xml:7:9-43
	android:allowBackup
		ADDED from src\main\AndroidManifest.xml:6:9-35
	android:theme
		ADDED from src\main\AndroidManifest.xml:11:9-59
meta-data#com.google.android.geo.API_KEY
ADDED from src\main\AndroidManifest.xml:13:9-15:71
	android:value
		ADDED from src\main\AndroidManifest.xml:15:13-68
	android:name
		ADDED from src\main\AndroidManifest.xml:14:13-58
activity#com.example.morta.where.MainActivity
ADDED from src\main\AndroidManifest.xml:17:9-23:20
	android:name
		ADDED from src\main\AndroidManifest.xml:17:19-47
intent-filter#action:name:android.intent.action.MAIN+category:name:android.intent.category.LAUNCHER
ADDED from src\main\AndroidManifest.xml:18:13-22:29
action#android.intent.action.MAIN
ADDED from src\main\AndroidManifest.xml:19:17-69
	android:name
		ADDED from src\main\AndroidManifest.xml:19:25-66
category#android.intent.category.LAUNCHER
ADDED from src\main\AndroidManifest.xml:21:17-77
	android:name
		ADDED from src\main\AndroidManifest.xml:21:27-74
activity#com.example.morta.where.MapsActivity
ADDED from src\main\AndroidManifest.xml:24:9-25:51
	android:screenOrientation
		ADDED from src\main\AndroidManifest.xml:25:13-49
	android:name
		ADDED from src\main\AndroidManifest.xml:24:19-47
activity#com.example.morta.where.ChatActivity
ADDED from src\main\AndroidManifest.xml:26:9-27:44
	android:name
		ADDED from src\main\AndroidManifest.xml:27:13-41
uses-library#org.apache.http.legacy
ADDED from src\main\AndroidManifest.xml:28:9-87
MERGED from [com.google.android.gms:play-services-maps:17.0.0] AndroidManifest.xml:33:9-35:40
MERGED from [com.google.android.gms:play-services-maps:17.0.0] AndroidManifest.xml:33:9-35:40
	android:required
		ADDED from src\main\AndroidManifest.xml:28:61-85
	android:name
		ADDED from src\main\AndroidManifest.xml:28:23-60
activity#com.example.morta.where.StartActivity
ADDED from src\main\AndroidManifest.xml:29:9-30:51
	android:screenOrientation
		ADDED from src\main\AndroidManifest.xml:30:13-49
	android:name
		ADDED from src\main\AndroidManifest.xml:29:19-48
activity#com.example.morta.where.LogInActivity
ADDED from src\main\AndroidManifest.xml:31:9-32:51
	android:screenOrientation
		ADDED from src\main\AndroidManifest.xml:32:13-49
	android:name
		ADDED from src\main\AndroidManifest.xml:31:19-48
uses-permission#android.permission.ACCESS_FINE_LOCATION
ADDED from src\main\AndroidManifest.xml:35:5-79
	android:name
		ADDED from src\main\AndroidManifest.xml:35:22-76
uses-permission#android.permission.ACCESS_COARSE_LOCATION
ADDED from src\main\AndroidManifest.xml:36:5-81
	android:name
		ADDED from src\main\AndroidManifest.xml:36:22-78
uses-sdk
INJECTED from src\main\AndroidManifest.xml reason: use-sdk injection requested
INJECTED from src\main\AndroidManifest.xml
INJECTED from src\main\AndroidManifest.xml
MERGED from [com.google.android.material:material:1.1.0-alpha09] AndroidManifest.xml:20:5-44
MERGED from [com.google.android.material:material:1.1.0-alpha09] AndroidManifest.xml:20:5-44
MERGED from [androidx.appcompat:appcompat:1.1.0-rc01] AndroidManifest.xml:20:5-22:41
MERGED from [androidx.appcompat:appcompat:1.1.0-rc01] AndroidManifest.xml:20:5-22:41
MERGED from [androidx.constraintlayout:constraintlayout:1.1.2] AndroidManifest.xml:5:5-7:41
MERGED from [androidx.constraintlayout:constraintlayout:1.1.2] AndroidManifest.xml:5:5-7:41
MERGED from [com.google.android.gms:play-services-maps:17.0.0] AndroidManifest.xml:20:5-44
MERGED from [com.google.android.gms:play-services-maps:17.0.0] AndroidManifest.xml:20:5-44
MERGED from [com.google.android.gms:play-services-location:17.0.0] AndroidManifest.xml:5:5-44
MERGED from [com.google.android.gms:play-services-location:17.0.0] AndroidManifest.xml:5:5-44
MERGED from [com.google.firebase:firebase-database:18.0.0] AndroidManifest.xml:19:5-21:41
MERGED from [com.google.firebase:firebase-database:18.0.0] AndroidManifest.xml:19:5-21:41
MERGED from [com.google.firebase:firebase-auth:18.0.0] AndroidManifest.xml:21:5-44
MERGED from [com.google.firebase:firebase-auth:18.0.0] AndroidManifest.xml:21:5-44
MERGED from [com.google.android.gms:play-services-auth:17.0.0] AndroidManifest.xml:20:5-44
MERGED from [com.google.android.gms:play-services-auth:17.0.0] AndroidManifest.xml:20:5-44
MERGED from [com.google.firebase:firebase-auth-interop:18.0.0] AndroidManifest.xml:5:5-44
MERGED from [com.google.firebase:firebase-auth-interop:18.0.0] AndroidManifest.xml:5:5-44
MERGED from [com.google.firebase:firebase-common:18.0.0] AndroidManifest.xml:6:5-8:41
MERGED from [com.google.firebase:firebase-common:18.0.0] AndroidManifest.xml:6:5-8:41
MERGED from [androidx.cardview:cardview:1.0.0] AndroidManifest.xml:20:5-44
MERGED from [androidx.cardview:cardview:1.0.0] AndroidManifest.xml:20:5-44
MERGED from [androidx.coordinatorlayout:coordinatorlayout:1.1.0-beta01] AndroidManifest.xml:20:5-22:41
MERGED from [androidx.coordinatorlayout:coordinatorlayout:1.1.0-beta01] AndroidManifest.xml:20:5-22:41
MERGED from [androidx.transition:transition:1.0.1] AndroidManifest.xml:20:5-44
MERGED from [androidx.transition:transition:1.0.1] AndroidManifest.xml:20:5-44
MERGED from [androidx.viewpager2:viewpager2:1.0.0-beta02] AndroidManifest.xml:20:5-22:41
MERGED from [androidx.viewpager2:viewpager2:1.0.0-beta02] AndroidManifest.xml:20:5-22:41
MERGED from [androidx.localbroadcastmanager:localbroadcastmanager:1.0.0] AndroidManifest.xml:20:5-44
MERGED from [androidx.localbroadcastmanager:localbroadcastmanager:1.0.0] AndroidManifest.xml:20:5-44
MERGED from [com.google.android.gms:play-services-flags:17.0.0] AndroidManifest.xml:20:5-44
MERGED from [com.google.android.gms:play-services-flags:17.0.0] AndroidManifest.xml:20:5-44
MERGED from [com.google.android.gms:play-services-auth-api-phone:17.0.0] AndroidManifest.xml:5:5-44
MERGED from [com.google.android.gms:play-services-auth-api-phone:17.0.0] AndroidManifest.xml:5:5-44
MERGED from [com.google.android.gms:play-services-auth-base:17.0.0] AndroidManifest.xml:5:5-44
MERGED from [com.google.android.gms:play-services-auth-base:17.0.0] AndroidManifest.xml:5:5-44
MERGED from [com.google.android.gms:play-services-base:17.0.0] AndroidManifest.xml:20:5-44
MERGED from [com.google.android.gms:play-services-base:17.0.0] AndroidManifest.xml:20:5-44
MERGED from [com.google.android.gms:play-services-places-placereport:17.0.0] AndroidManifest.xml:20:5-44
MERGED from [com.google.android.gms:play-services-places-placereport:17.0.0] AndroidManifest.xml:20:5-44
MERGED from [com.google.android.gms:play-services-tasks:17.0.0] AndroidManifest.xml:5:5-44
MERGED from [com.google.android.gms:play-services-tasks:17.0.0] AndroidManifest.xml:5:5-44
MERGED from [com.google.android.gms:play-services-basement:17.0.0] AndroidManifest.xml:20:5-44
MERGED from [com.google.android.gms:play-services-basement:17.0.0] AndroidManifest.xml:20:5-44
MERGED from [androidx.fragment:fragment:1.1.0-rc01] AndroidManifest.xml:20:5-22:41
MERGED from [androidx.fragment:fragment:1.1.0-rc01] AndroidManifest.xml:20:5-22:41
MERGED from [androidx.loader:loader:1.0.0] AndroidManifest.xml:20:5-44
MERGED from [androidx.loader:loader:1.0.0] AndroidManifest.xml:20:5-44
MERGED from [androidx.viewpager:viewpager:1.0.0] AndroidManifest.xml:20:5-44
MERGED from [androidx.viewpager:viewpager:1.0.0] AndroidManifest.xml:20:5-44
MERGED from [androidx.drawerlayout:drawerlayout:1.0.0] AndroidManifest.xml:20:5-44
MERGED from [androidx.drawerlayout:drawerlayout:1.0.0] AndroidManifest.xml:20:5-44
MERGED from [androidx.recyclerview:recyclerview:1.1.0-beta01] AndroidManifest.xml:20:5-22:41
MERGED from [androidx.recyclerview:recyclerview:1.1.0-beta01] AndroidManifest.xml:20:5-22:41
MERGED from [androidx.customview:customview:1.0.0] AndroidManifest.xml:20:5-44
MERGED from [androidx.customview:customview:1.0.0] AndroidManifest.xml:20:5-44
MERGED from [androidx.lifecycle:lifecycle-livedata:2.0.0] AndroidManifest.xml:20:5-44
MERGED from [androidx.lifecycle:lifecycle-livedata:2.0.0] AndroidManifest.xml:20:5-44
MERGED from [androidx.lifecycle:lifecycle-livedata-core:2.0.0] AndroidManifest.xml:20:5-44
MERGED from [androidx.lifecycle:lifecycle-livedata-core:2.0.0] AndroidManifest.xml:20:5-44
MERGED from [androidx.arch.core:core-runtime:2.0.0] AndroidManifest.xml:20:5-44
MERGED from [androidx.arch.core:core-runtime:2.0.0] AndroidManifest.xml:20:5-44
MERGED from [androidx.activity:activity:1.0.0-rc01] AndroidManifest.xml:20:5-22:41
MERGED from [androidx.activity:activity:1.0.0-rc01] AndroidManifest.xml:20:5-22:41
MERGED from [androidx.savedstate:savedstate:1.0.0-rc01] AndroidManifest.xml:20:5-22:41
MERGED from [androidx.savedstate:savedstate:1.0.0-rc01] AndroidManifest.xml:20:5-22:41
MERGED from [androidx.appcompat:appcompat-resources:1.1.0-rc01] AndroidManifest.xml:20:5-22:41
MERGED from [androidx.appcompat:appcompat-resources:1.1.0-rc01] AndroidManifest.xml:20:5-22:41
MERGED from [androidx.vectordrawable:vectordrawable-animated:1.1.0-rc01] AndroidManifest.xml:20:5-22:41
MERGED from [androidx.vectordrawable:vectordrawable-animated:1.1.0-rc01] AndroidManifest.xml:20:5-22:41
MERGED from [androidx.vectordrawable:vectordrawable:1.1.0-rc01] AndroidManifest.xml:20:5-22:41
MERGED from [androidx.vectordrawable:vectordrawable:1.1.0-rc01] AndroidManifest.xml:20:5-22:41
MERGED from [androidx.core:core:1.1.0-rc02] AndroidManifest.xml:20:5-22:41
MERGED from [androidx.core:core:1.1.0-rc02] AndroidManifest.xml:20:5-22:41
MERGED from [androidx.versionedparcelable:versionedparcelable:1.1.0-rc01] AndroidManifest.xml:20:5-22:41
MERGED from [androidx.versionedparcelable:versionedparcelable:1.1.0-rc01] AndroidManifest.xml:20:5-22:41
MERGED from [androidx.lifecycle:lifecycle-runtime:2.1.0-rc01] AndroidManifest.xml:20:5-44
MERGED from [androidx.lifecycle:lifecycle-runtime:2.1.0-rc01] AndroidManifest.xml:20:5-44
MERGED from [androidx.lifecycle:lifecycle-viewmodel:2.1.0-rc01] AndroidManifest.xml:20:5-44
MERGED from [androidx.lifecycle:lifecycle-viewmodel:2.1.0-rc01] AndroidManifest.xml:20:5-44
MERGED from [androidx.cursoradapter:cursoradapter:1.0.0] AndroidManifest.xml:20:5-44
MERGED from [androidx.cursoradapter:cursoradapter:1.0.0] AndroidManifest.xml:20:5-44
MERGED from [androidx.interpolator:interpolator:1.0.0] AndroidManifest.xml:20:5-44
MERGED from [androidx.interpolator:interpolator:1.0.0] AndroidManifest.xml:20:5-44
MERGED from [com.google.firebase:firebase-database-collection:17.0.0] AndroidManifest.xml:5:5-44
MERGED from [com.google.firebase:firebase-database-collection:17.0.0] AndroidManifest.xml:5:5-44
INJECTED from src\main\AndroidManifest.xml
INJECTED from src\main\AndroidManifest.xml
	android:targetSdkVersion
		INJECTED from src\main\AndroidManifest.xml
		ADDED from src\main\AndroidManifest.xml
		INJECTED from src\main\AndroidManifest.xml
	android:minSdkVersion
		INJECTED from src\main\AndroidManifest.xml
		ADDED from src\main\AndroidManifest.xml
		INJECTED from src\main\AndroidManifest.xml
uses-permission#android.permission.ACCESS_NETWORK_STATE
ADDED from [com.google.android.gms:play-services-maps:17.0.0] AndroidManifest.xml:23:5-79
MERGED from [com.google.firebase:firebase-database:18.0.0] AndroidManifest.xml:25:5-79
MERGED from [com.google.firebase:firebase-database:18.0.0] AndroidManifest.xml:25:5-79
	android:name
		ADDED from [com.google.android.gms:play-services-maps:17.0.0] AndroidManifest.xml:23:22-76
uses-permission#android.permission.INTERNET
ADDED from [com.google.android.gms:play-services-maps:17.0.0] AndroidManifest.xml:24:5-67
MERGED from [com.google.firebase:firebase-database:18.0.0] AndroidManifest.xml:26:5-67
MERGED from [com.google.firebase:firebase-database:18.0.0] AndroidManifest.xml:26:5-67
	android:name
		ADDED from [com.google.android.gms:play-services-maps:17.0.0] AndroidManifest.xml:24:22-64
uses-feature#0x00020000
ADDED from [com.google.android.gms:play-services-maps:17.0.0] AndroidManifest.xml:26:5-28:35
	android:glEsVersion
		ADDED from [com.google.android.gms:play-services-maps:17.0.0] AndroidManifest.xml:27:9-41
	android:required
		ADDED from [com.google.android.gms:play-services-maps:17.0.0] AndroidManifest.xml:28:9-32
service#com.google.firebase.components.ComponentDiscoveryService
ADDED from [com.google.firebase:firebase-database:18.0.0] AndroidManifest.xml:29:9-33:19
MERGED from [com.google.firebase:firebase-auth:18.0.0] AndroidManifest.xml:33:9-39:19
MERGED from [com.google.firebase:firebase-auth:18.0.0] AndroidManifest.xml:33:9-39:19
	android:exported
		ADDED from [com.google.firebase:firebase-auth:18.0.0] AndroidManifest.xml:35:13-37
	android:name
		ADDED from [com.google.firebase:firebase-database:18.0.0] AndroidManifest.xml:29:18-89
meta-data#com.google.firebase.components:com.google.firebase.database.DatabaseRegistrar
ADDED from [com.google.firebase:firebase-database:18.0.0] AndroidManifest.xml:30:13-32:85
	android:value
		ADDED from [com.google.firebase:firebase-database:18.0.0] AndroidManifest.xml:32:17-82
	android:name
		ADDED from [com.google.firebase:firebase-database:18.0.0] AndroidManifest.xml:31:17-109
activity#com.google.firebase.auth.internal.FederatedSignInActivity
ADDED from [com.google.firebase:firebase-auth:18.0.0] AndroidManifest.xml:24:9-31:50
	android:excludeFromRecents
		ADDED from [com.google.firebase:firebase-auth:18.0.0] AndroidManifest.xml:26:13-46
	android:launchMode
		ADDED from [com.google.firebase:firebase-auth:18.0.0] AndroidManifest.xml:28:13-44
	android:exported
		ADDED from [com.google.firebase:firebase-auth:18.0.0] AndroidManifest.xml:27:13-36
	android:permission
		ADDED from [com.google.firebase:firebase-auth:18.0.0] AndroidManifest.xml:29:13-102
	android:theme
		ADDED from [com.google.firebase:firebase-auth:18.0.0] AndroidManifest.xml:30:13-72
	tools:replace
		ADDED from [com.google.firebase:firebase-auth:18.0.0] AndroidManifest.xml:31:13-47
	android:name
		ADDED from [com.google.firebase:firebase-auth:18.0.0] AndroidManifest.xml:25:13-85
meta-data#com.google.firebase.components:com.google.firebase.auth.FirebaseAuthRegistrar
ADDED from [com.google.firebase:firebase-auth:18.0.0] AndroidManifest.xml:36:13-38:85
	android:value
		ADDED from [com.google.firebase:firebase-auth:18.0.0] AndroidManifest.xml:38:17-82
	android:name
		ADDED from [com.google.firebase:firebase-auth:18.0.0] AndroidManifest.xml:37:17-109
activity#com.google.android.gms.auth.api.signin.internal.SignInHubActivity
ADDED from [com.google.android.gms:play-services-auth:17.0.0] AndroidManifest.xml:23:9-27:75
	android:excludeFromRecents
		ADDED from [com.google.android.gms:play-services-auth:17.0.0] AndroidManifest.xml:25:13-46
	android:exported
		ADDED from [com.google.android.gms:play-services-auth:17.0.0] AndroidManifest.xml:26:13-37
	android:theme
		ADDED from [com.google.android.gms:play-services-auth:17.0.0] AndroidManifest.xml:27:13-72
	android:name
		ADDED from [com.google.android.gms:play-services-auth:17.0.0] AndroidManifest.xml:24:13-93
service#com.google.android.gms.auth.api.signin.RevocationBoundService
ADDED from [com.google.android.gms:play-services-auth:17.0.0] AndroidManifest.xml:33:9-36:110
	android:exported
		ADDED from [com.google.android.gms:play-services-auth:17.0.0] AndroidManifest.xml:35:13-36
	android:permission
		ADDED from [com.google.android.gms:play-services-auth:17.0.0] AndroidManifest.xml:36:13-107
	android:name
		ADDED from [com.google.android.gms:play-services-auth:17.0.0] AndroidManifest.xml:34:13-89
provider#com.google.firebase.provider.FirebaseInitProvider
ADDED from [com.google.firebase:firebase-common:18.0.0] AndroidManifest.xml:12:9-16:39
	android:authorities
		ADDED from [com.google.firebase:firebase-common:18.0.0] AndroidManifest.xml:14:13-72
	android:exported
		ADDED from [com.google.firebase:firebase-common:18.0.0] AndroidManifest.xml:15:13-37
	android:initOrder
		ADDED from [com.google.firebase:firebase-common:18.0.0] AndroidManifest.xml:16:13-36
	android:name
		ADDED from [com.google.firebase:firebase-common:18.0.0] AndroidManifest.xml:13:13-77
activity#com.google.android.gms.common.api.GoogleApiActivity
ADDED from [com.google.android.gms:play-services-base:17.0.0] AndroidManifest.xml:23:9-26:75
	android:exported
		ADDED from [com.google.android.gms:play-services-base:17.0.0] AndroidManifest.xml:25:13-37
	android:theme
		ADDED from [com.google.android.gms:play-services-base:17.0.0] AndroidManifest.xml:26:13-72
	android:name
		ADDED from [com.google.android.gms:play-services-base:17.0.0] AndroidManifest.xml:24:13-79
meta-data#com.google.android.gms.version
ADDED from [com.google.android.gms:play-services-basement:17.0.0] AndroidManifest.xml:23:9-25:69
	android:value
		ADDED from [com.google.android.gms:play-services-basement:17.0.0] AndroidManifest.xml:25:13-66
	android:name
		ADDED from [com.google.android.gms:play-services-basement:17.0.0] AndroidManifest.xml:24:13-58